c:\users\vivobook pro m7600qe\source\repos\cppgame\cppgame\x64\debug\main.obj
c:\users\vivobook pro m7600qe\source\repos\cppgame\cppgame\x64\debug\item.obj
c:\users\vivobook pro m7600qe\source\repos\cppgame\cppgame\x64\debug\board.obj
c:\users\vivobook pro m7600qe\source\repos\cppgame\cppgame\x64\debug\vc142.pdb
c:\users\vivobook pro m7600qe\source\repos\cppgame\cppgame\x64\debug\uic\ui_cppgame.h
c:\users\vivobook pro m7600qe\source\repos\cppgame\cppgame\x64\debug\rcc\qrc_cppgame.cpp
c:\users\vivobook pro m7600qe\source\repos\cppgame\cppgame\x64\debug\moc\moc_cppgame.cpp
c:\users\vivobook pro m7600qe\source\repos\cppgame\x64\debug\cppgame.pdb
c:\users\vivobook pro m7600qe\source\repos\cppgame\cppgame\x64\debug\cppgame.tlog\cl.command.1.tlog
c:\users\vivobook pro m7600qe\source\repos\cppgame\cppgame\x64\debug\cppgame.tlog\cl.read.1.tlog
c:\users\vivobook pro m7600qe\source\repos\cppgame\cppgame\x64\debug\cppgame.tlog\cl.write.1.tlog
c:\users\vivobook pro m7600qe\source\repos\cppgame\cppgame\x64\debug\cppgame.tlog\cppgame.write.1u.tlog
c:\users\vivobook pro m7600qe\source\repos\cppgame\cppgame\x64\debug\cppgame.tlog\link.30888-cvtres.read.1.tlog
c:\users\vivobook pro m7600qe\source\repos\cppgame\cppgame\x64\debug\cppgame.tlog\link.30888-cvtres.write.1.tlog
c:\users\vivobook pro m7600qe\source\repos\cppgame\cppgame\x64\debug\cppgame.tlog\link.30888-rc.read.1.tlog
c:\users\vivobook pro m7600qe\source\repos\cppgame\cppgame\x64\debug\cppgame.tlog\link.30888-rc.write.1.tlog
c:\users\vivobook pro m7600qe\source\repos\cppgame\cppgame\x64\debug\cppgame.tlog\link.30888.read.1.tlog
c:\users\vivobook pro m7600qe\source\repos\cppgame\cppgame\x64\debug\cppgame.tlog\link.30888.write.1.tlog
c:\users\vivobook pro m7600qe\source\repos\cppgame\cppgame\x64\debug\cppgame.tlog\link.command.1.tlog
c:\users\vivobook pro m7600qe\source\repos\cppgame\cppgame\x64\debug\cppgame.tlog\link.read.1.tlog
c:\users\vivobook pro m7600qe\source\repos\cppgame\cppgame\x64\debug\cppgame.tlog\link.write.1.tlog
c:\users\vivobook pro m7600qe\source\repos\cppgame\cppgame\x64\debug\cppgame.tlog\moc.read.1u.tlog
c:\users\vivobook pro m7600qe\source\repos\cppgame\cppgame\x64\debug\cppgame.tlog\moc.write.1u.tlog
c:\users\vivobook pro m7600qe\source\repos\cppgame\cppgame\x64\debug\cppgame.tlog\rcc.read.1u.tlog
c:\users\vivobook pro m7600qe\source\repos\cppgame\cppgame\x64\debug\cppgame.tlog\rcc.write.1u.tlog
c:\users\vivobook pro m7600qe\source\repos\cppgame\cppgame\x64\debug\cppgame.tlog\uic.read.1u.tlog
c:\users\vivobook pro m7600qe\source\repos\cppgame\cppgame\x64\debug\cppgame.tlog\uic.write.1u.tlog
